{"total": {"lines":{"total":17708,"covered":15862,"skipped":0,"pct":89.57},"statements":{"total":19772,"covered":17291,"skipped":0,"pct":87.45},"functions":{"total":4119,"covered":3519,"skipped":0,"pct":85.43},"branches":{"total":14857,"covered":11679,"skipped":0,"pct":78.6},"branchesTrue":{"total":0,"covered":0,"skipped":0,"pct":100}}
,"/workspace/web/server/agent-cron-migrator.ts": {"lines":{"total":30,"covered":30,"skipped":0,"pct":100},"functions":{"total":3,"covered":3,"skipped":0,"pct":100},"statements":{"total":31,"covered":31,"skipped":0,"pct":100},"branches":{"total":10,"covered":10,"skipped":0,"pct":100}}
,"/workspace/web/server/agent-executor.ts": {"lines":{"total":136,"covered":125,"skipped":0,"pct":91.91},"functions":{"total":22,"covered":16,"skipped":0,"pct":72.72},"statements":{"total":144,"covered":133,"skipped":0,"pct":92.36},"branches":{"total":101,"covered":94,"skipped":0,"pct":93.06}}
,"/workspace/web/server/agent-store.ts": {"lines":{"total":63,"covered":61,"skipped":0,"pct":96.82},"functions":{"total":13,"covered":13,"skipped":0,"pct":100},"statements":{"total":73,"covered":70,"skipped":0,"pct":95.89},"branches":{"total":46,"covered":45,"skipped":0,"pct":97.82}}
,"/workspace/web/server/ai-validation-settings.ts": {"lines":{"total":2,"covered":2,"skipped":0,"pct":100},"functions":{"total":1,"covered":1,"skipped":0,"pct":100},"statements":{"total":2,"covered":2,"skipped":0,"pct":100},"branches":{"total":6,"covered":6,"skipped":0,"pct":100}}
,"/workspace/web/server/ai-validator.ts": {"lines":{"total":77,"covered":74,"skipped":0,"pct":96.1},"functions":{"total":6,"covered":5,"skipped":0,"pct":83.33},"statements":{"total":78,"covered":74,"skipped":0,"pct":94.87},"branches":{"total":68,"covered":56,"skipped":0,"pct":82.35}}
,"/workspace/web/server/auth-manager.ts": {"lines":{"total":64,"covered":29,"skipped":0,"pct":45.31},"functions":{"total":6,"covered":4,"skipped":0,"pct":66.66},"statements":{"total":73,"covered":32,"skipped":0,"pct":43.83},"branches":{"total":40,"covered":19,"skipped":0,"pct":47.5}}
,"/workspace/web/server/auto-namer.ts": {"lines":{"total":25,"covered":25,"skipped":0,"pct":100},"functions":{"total":3,"covered":2,"skipped":0,"pct":66.66},"statements":{"total":27,"covered":26,"skipped":0,"pct":96.29},"branches":{"total":16,"covered":14,"skipped":0,"pct":87.5}}
,"/workspace/web/server/backend-adapter.ts": {"lines":{"total":0,"covered":0,"skipped":0,"pct":100},"functions":{"total":0,"covered":0,"skipped":0,"pct":100},"statements":{"total":0,"covered":0,"skipped":0,"pct":100},"branches":{"total":0,"covered":0,"skipped":0,"pct":100}}
,"/workspace/web/server/cache-headers.ts": {"lines":{"total":21,"covered":21,"skipped":0,"pct":100},"functions":{"total":2,"covered":2,"skipped":0,"pct":100},"statements":{"total":22,"covered":21,"skipped":0,"pct":95.45},"branches":{"total":23,"covered":22,"skipped":0,"pct":95.65}}
,"/workspace/web/server/claude-adapter.ts": {"lines":{"total":221,"covered":203,"skipped":0,"pct":91.85},"functions":{"total":49,"covered":46,"skipped":0,"pct":93.87},"statements":{"total":226,"covered":205,"skipped":0,"pct":90.7},"branches":{"total":105,"covered":89,"skipped":0,"pct":84.76}}
,"/workspace/web/server/claude-container-auth.ts": {"lines":{"total":5,"covered":5,"skipped":0,"pct":100},"functions":{"total":2,"covered":2,"skipped":0,"pct":100},"statements":{"total":6,"covered":6,"skipped":0,"pct":100},"branches":{"total":9,"covered":7,"skipped":0,"pct":77.77}}
,"/workspace/web/server/claude-session-discovery.ts": {"lines":{"total":63,"covered":58,"skipped":0,"pct":92.06},"functions":{"total":5,"covered":5,"skipped":0,"pct":100},"statements":{"total":71,"covered":60,"skipped":0,"pct":84.5},"branches":{"total":38,"covered":26,"skipped":0,"pct":68.42}}
,"/workspace/web/server/claude-session-history.ts": {"lines":{"total":161,"covered":147,"skipped":0,"pct":91.3},"functions":{"total":19,"covered":19,"skipped":0,"pct":100},"statements":{"total":185,"covered":156,"skipped":0,"pct":84.32},"branches":{"total":166,"covered":114,"skipped":0,"pct":68.67}}
,"/workspace/web/server/cli-launcher.ts": {"lines":{"total":523,"covered":432,"skipped":0,"pct":82.6},"functions":{"total":55,"covered":44,"skipped":0,"pct":80},"statements":{"total":549,"covered":450,"skipped":0,"pct":81.96},"branches":{"total":312,"covered":243,"skipped":0,"pct":77.88}}
,"/workspace/web/server/codex-adapter.ts": {"lines":{"total":1096,"covered":999,"skipped":0,"pct":91.14},"functions":{"total":143,"covered":127,"skipped":0,"pct":88.81},"statements":{"total":1155,"covered":1026,"skipped":0,"pct":88.83},"branches":{"total":924,"covered":654,"skipped":0,"pct":70.77}}
,"/workspace/web/server/codex-container-auth.ts": {"lines":{"total":5,"covered":5,"skipped":0,"pct":100},"functions":{"total":2,"covered":2,"skipped":0,"pct":100},"statements":{"total":6,"covered":6,"skipped":0,"pct":100},"branches":{"total":7,"covered":5,"skipped":0,"pct":71.42}}
,"/workspace/web/server/codex-home.ts": {"lines":{"total":4,"covered":4,"skipped":0,"pct":100},"functions":{"total":3,"covered":3,"skipped":0,"pct":100},"statements":{"total":4,"covered":4,"skipped":0,"pct":100},"branches":{"total":2,"covered":2,"skipped":0,"pct":100}}
,"/workspace/web/server/commands-discovery.ts": {"lines":{"total":30,"covered":30,"skipped":0,"pct":100},"functions":{"total":1,"covered":1,"skipped":0,"pct":100},"statements":{"total":31,"covered":31,"skipped":0,"pct":100},"branches":{"total":20,"covered":19,"skipped":0,"pct":95}}
,"/workspace/web/server/constants.ts": {"lines":{"total":5,"covered":5,"skipped":0,"pct":100},"functions":{"total":0,"covered":0,"skipped":0,"pct":100},"statements":{"total":5,"covered":5,"skipped":0,"pct":100},"branches":{"total":2,"covered":2,"skipped":0,"pct":100}}
,"/workspace/web/server/container-manager.ts": {"lines":{"total":338,"covered":280,"skipped":0,"pct":82.84},"functions":{"total":47,"covered":40,"skipped":0,"pct":85.1},"statements":{"total":353,"covered":290,"skipped":0,"pct":82.15},"branches":{"total":136,"covered":85,"skipped":0,"pct":62.5}}
,"/workspace/web/server/cron-scheduler.ts": {"lines":{"total":100,"covered":86,"skipped":0,"pct":86},"functions":{"total":18,"covered":10,"skipped":0,"pct":55.55},"statements":{"total":106,"covered":90,"skipped":0,"pct":84.9},"branches":{"total":55,"covered":47,"skipped":0,"pct":85.45}}
,"/workspace/web/server/cron-store.ts": {"lines":{"total":53,"covered":51,"skipped":0,"pct":96.22},"functions":{"total":10,"covered":10,"skipped":0,"pct":100},"statements":{"total":63,"covered":60,"skipped":0,"pct":95.23},"branches":{"total":34,"covered":33,"skipped":0,"pct":97.05}}
,"/workspace/web/server/env-manager.ts": {"lines":{"total":52,"covered":49,"skipped":0,"pct":94.23},"functions":{"total":11,"covered":11,"skipped":0,"pct":100},"statements":{"total":60,"covered":56,"skipped":0,"pct":93.33},"branches":{"total":27,"covered":25,"skipped":0,"pct":92.59}}
,"/workspace/web/server/event-bus.ts": {"lines":{"total":39,"covered":37,"skipped":0,"pct":94.87},"functions":{"total":10,"covered":9,"skipped":0,"pct":90},"statements":{"total":39,"covered":37,"skipped":0,"pct":94.87},"branches":{"total":24,"covered":22,"skipped":0,"pct":91.66}}
,"/workspace/web/server/execution-store.ts": {"lines":{"total":70,"covered":65,"skipped":0,"pct":92.85},"functions":{"total":14,"covered":14,"skipped":0,"pct":100},"statements":{"total":81,"covered":74,"skipped":0,"pct":91.35},"branches":{"total":36,"covered":26,"skipped":0,"pct":72.22}}
,"/workspace/web/server/fs-utils.ts": {"lines":{"total":7,"covered":6,"skipped":0,"pct":85.71},"functions":{"total":1,"covered":1,"skipped":0,"pct":100},"statements":{"total":9,"covered":8,"skipped":0,"pct":88.88},"branches":{"total":2,"covered":2,"skipped":0,"pct":100}}
,"/workspace/web/server/git-utils.ts": {"lines":{"total":157,"covered":144,"skipped":0,"pct":91.71},"functions":{"total":19,"covered":16,"skipped":0,"pct":84.21},"statements":{"total":172,"covered":155,"skipped":0,"pct":90.11},"branches":{"total":116,"covered":98,"skipped":0,"pct":84.48}}
,"/workspace/web/server/github-pr.ts": {"lines":{"total":124,"covered":73,"skipped":0,"pct":58.87},"functions":{"total":15,"covered":9,"skipped":0,"pct":60},"statements":{"total":143,"covered":87,"skipped":0,"pct":60.83},"branches":{"total":104,"covered":72,"skipped":0,"pct":69.23}}
,"/workspace/web/server/image-pull-manager.ts": {"lines":{"total":112,"covered":103,"skipped":0,"pct":91.96},"functions":{"total":20,"covered":20,"skipped":0,"pct":100},"statements":{"total":129,"covered":116,"skipped":0,"pct":89.92},"branches":{"total":67,"covered":47,"skipped":0,"pct":70.14}}
,"/workspace/web/server/linear-agent-bridge.ts": {"lines":{"total":250,"covered":226,"skipped":0,"pct":90.4},"functions":{"total":49,"covered":38,"skipped":0,"pct":77.55},"statements":{"total":273,"covered":238,"skipped":0,"pct":87.17},"branches":{"total":206,"covered":171,"skipped":0,"pct":83}}
,"/workspace/web/server/linear-agent.ts": {"lines":{"total":95,"covered":90,"skipped":0,"pct":94.73},"functions":{"total":17,"covered":15,"skipped":0,"pct":88.23},"statements":{"total":108,"covered":99,"skipped":0,"pct":91.66},"branches":{"total":68,"covered":59,"skipped":0,"pct":86.76}}
,"/workspace/web/server/linear-cache.ts": {"lines":{"total":37,"covered":32,"skipped":0,"pct":86.48},"functions":{"total":8,"covered":7,"skipped":0,"pct":87.5},"statements":{"total":38,"covered":33,"skipped":0,"pct":86.84},"branches":{"total":23,"covered":17,"skipped":0,"pct":73.91}}
,"/workspace/web/server/linear-connections.ts": {"lines":{"total":76,"covered":74,"skipped":0,"pct":97.36},"functions":{"total":16,"covered":16,"skipped":0,"pct":100},"statements":{"total":98,"covered":92,"skipped":0,"pct":93.87},"branches":{"total":58,"covered":44,"skipped":0,"pct":75.86}}
,"/workspace/web/server/linear-credential-migration.ts": {"lines":{"total":15,"covered":15,"skipped":0,"pct":100},"functions":{"total":2,"covered":2,"skipped":0,"pct":100},"statements":{"total":16,"covered":16,"skipped":0,"pct":100},"branches":{"total":8,"covered":8,"skipped":0,"pct":100}}
,"/workspace/web/server/linear-oauth-connections.ts": {"lines":{"total":83,"covered":83,"skipped":0,"pct":100},"functions":{"total":16,"covered":16,"skipped":0,"pct":100},"statements":{"total":98,"covered":98,"skipped":0,"pct":100},"branches":{"total":72,"covered":64,"skipped":0,"pct":88.88}}
,"/workspace/web/server/linear-project-manager.ts": {"lines":{"total":43,"covered":43,"skipped":0,"pct":100},"functions":{"total":13,"covered":13,"skipped":0,"pct":100},"statements":{"total":49,"covered":49,"skipped":0,"pct":100},"branches":{"total":20,"covered":19,"skipped":0,"pct":95}}
,"/workspace/web/server/linear-prompt-builder.ts": {"lines":{"total":11,"covered":11,"skipped":0,"pct":100},"functions":{"total":2,"covered":2,"skipped":0,"pct":100},"statements":{"total":11,"covered":11,"skipped":0,"pct":100},"branches":{"total":2,"covered":2,"skipped":0,"pct":100}}
,"/workspace/web/server/linear-staging.ts": {"lines":{"total":46,"covered":45,"skipped":0,"pct":97.82},"functions":{"total":8,"covered":8,"skipped":0,"pct":100},"statements":{"total":52,"covered":49,"skipped":0,"pct":94.23},"branches":{"total":12,"covered":11,"skipped":0,"pct":91.66}}
,"/workspace/web/server/logger.ts": {"lines":{"total":97,"covered":91,"skipped":0,"pct":93.81},"functions":{"total":20,"covered":18,"skipped":0,"pct":90},"statements":{"total":112,"covered":102,"skipped":0,"pct":91.07},"branches":{"total":47,"covered":34,"skipped":0,"pct":72.34}}
,"/workspace/web/server/metrics-collector.ts": {"lines":{"total":129,"covered":129,"skipped":0,"pct":100},"functions":{"total":25,"covered":25,"skipped":0,"pct":100},"statements":{"total":142,"covered":142,"skipped":0,"pct":100},"branches":{"total":61,"covered":60,"skipped":0,"pct":98.36}}
,"/workspace/web/server/novnc-proxy.ts": {"lines":{"total":43,"covered":42,"skipped":0,"pct":97.67},"functions":{"total":8,"covered":7,"skipped":0,"pct":87.5},"statements":{"total":48,"covered":47,"skipped":0,"pct":97.91},"branches":{"total":14,"covered":14,"skipped":0,"pct":100}}
,"/workspace/web/server/path-resolver.ts": {"lines":{"total":55,"covered":54,"skipped":0,"pct":98.18},"functions":{"total":8,"covered":8,"skipped":0,"pct":100},"statements":{"total":59,"covered":57,"skipped":0,"pct":96.61},"branches":{"total":40,"covered":38,"skipped":0,"pct":95}}
,"/workspace/web/server/paths.ts": {"lines":{"total":1,"covered":1,"skipped":0,"pct":100},"functions":{"total":0,"covered":0,"skipped":0,"pct":100},"statements":{"total":1,"covered":1,"skipped":0,"pct":100},"branches":{"total":2,"covered":2,"skipped":0,"pct":100}}
,"/workspace/web/server/pr-poller.ts": {"lines":{"total":59,"covered":57,"skipped":0,"pct":96.61},"functions":{"total":8,"covered":7,"skipped":0,"pct":87.5},"statements":{"total":68,"covered":61,"skipped":0,"pct":89.7},"branches":{"total":32,"covered":23,"skipped":0,"pct":71.87}}
,"/workspace/web/server/prompt-manager.ts": {"lines":{"total":93,"covered":88,"skipped":0,"pct":94.62},"functions":{"total":22,"covered":21,"skipped":0,"pct":95.45},"statements":{"total":112,"covered":96,"skipped":0,"pct":85.71},"branches":{"total":97,"covered":81,"skipped":0,"pct":83.5}}
,"/workspace/web/server/protocol-monitor.ts": {"lines":{"total":6,"covered":6,"skipped":0,"pct":100},"functions":{"total":2,"covered":2,"skipped":0,"pct":100},"statements":{"total":7,"covered":7,"skipped":0,"pct":100},"branches":{"total":9,"covered":7,"skipped":0,"pct":77.77}}
,"/workspace/web/server/recorder.ts": {"lines":{"total":122,"covered":104,"skipped":0,"pct":85.24},"functions":{"total":25,"covered":21,"skipped":0,"pct":84},"statements":{"total":136,"covered":114,"skipped":0,"pct":83.82},"branches":{"total":62,"covered":39,"skipped":0,"pct":62.9}}
,"/workspace/web/server/relay-client.ts": {"lines":{"total":98,"covered":86,"skipped":0,"pct":87.75},"functions":{"total":19,"covered":16,"skipped":0,"pct":84.21},"statements":{"total":100,"covered":86,"skipped":0,"pct":86},"branches":{"total":56,"covered":37,"skipped":0,"pct":66.07}}
,"/workspace/web/server/replay.ts": {"lines":{"total":15,"covered":15,"skipped":0,"pct":100},"functions":{"total":8,"covered":8,"skipped":0,"pct":100},"statements":{"total":20,"covered":20,"skipped":0,"pct":100},"branches":{"total":8,"covered":8,"skipped":0,"pct":100}}
,"/workspace/web/server/routes.ts": {"lines":{"total":516,"covered":446,"skipped":0,"pct":86.43},"functions":{"total":71,"covered":53,"skipped":0,"pct":74.64},"statements":{"total":572,"covered":476,"skipped":0,"pct":83.21},"branches":{"total":338,"covered":224,"skipped":0,"pct":66.27}}
,"/workspace/web/server/sandbox-manager.ts": {"lines":{"total":56,"covered":53,"skipped":0,"pct":94.64},"functions":{"total":11,"covered":11,"skipped":0,"pct":100},"statements":{"total":66,"covered":62,"skipped":0,"pct":93.93},"branches":{"total":30,"covered":27,"skipped":0,"pct":90}}
,"/workspace/web/server/service.ts": {"lines":{"total":293,"covered":268,"skipped":0,"pct":91.46},"functions":{"total":32,"covered":32,"skipped":0,"pct":100},"statements":{"total":306,"covered":281,"skipped":0,"pct":91.83},"branches":{"total":125,"covered":99,"skipped":0,"pct":79.2}}
,"/workspace/web/server/session-creation-service.ts": {"lines":{"total":161,"covered":151,"skipped":0,"pct":93.78},"functions":{"total":10,"covered":3,"skipped":0,"pct":30},"statements":{"total":164,"covered":153,"skipped":0,"pct":93.29},"branches":{"total":167,"covered":133,"skipped":0,"pct":79.64}}
,"/workspace/web/server/session-git-info.ts": {"lines":{"total":54,"covered":49,"skipped":0,"pct":90.74},"functions":{"total":4,"covered":4,"skipped":0,"pct":100},"statements":{"total":57,"covered":52,"skipped":0,"pct":91.22},"branches":{"total":38,"covered":30,"skipped":0,"pct":78.94}}
,"/workspace/web/server/session-linear-issues.ts": {"lines":{"total":26,"covered":26,"skipped":0,"pct":100},"functions":{"total":7,"covered":7,"skipped":0,"pct":100},"statements":{"total":27,"covered":27,"skipped":0,"pct":100},"branches":{"total":6,"covered":5,"skipped":0,"pct":83.33}}
,"/workspace/web/server/session-names.ts": {"lines":{"total":26,"covered":26,"skipped":0,"pct":100},"functions":{"total":7,"covered":7,"skipped":0,"pct":100},"statements":{"total":27,"covered":27,"skipped":0,"pct":100},"branches":{"total":6,"covered":5,"skipped":0,"pct":83.33}}
,"/workspace/web/server/session-orchestrator.ts": {"lines":{"total":355,"covered":300,"skipped":0,"pct":84.5},"functions":{"total":40,"covered":29,"skipped":0,"pct":72.5},"statements":{"total":401,"covered":323,"skipped":0,"pct":80.54},"branches":{"total":335,"covered":237,"skipped":0,"pct":70.74}}
,"/workspace/web/server/session-state-machine.ts": {"lines":{"total":30,"covered":30,"skipped":0,"pct":100},"functions":{"total":12,"covered":12,"skipped":0,"pct":100},"statements":{"total":32,"covered":32,"skipped":0,"pct":100},"branches":{"total":12,"covered":11,"skipped":0,"pct":91.66}}
,"/workspace/web/server/session-store.ts": {"lines":{"total":48,"covered":45,"skipped":0,"pct":93.75},"functions":{"total":14,"covered":13,"skipped":0,"pct":92.85},"statements":{"total":51,"covered":48,"skipped":0,"pct":94.11},"branches":{"total":10,"covered":9,"skipped":0,"pct":90}}
,"/workspace/web/server/settings-manager.ts": {"lines":{"total":24,"covered":24,"skipped":0,"pct":100},"functions":{"total":6,"covered":6,"skipped":0,"pct":100},"statements":{"total":25,"covered":25,"skipped":0,"pct":100},"branches":{"total":112,"covered":112,"skipped":0,"pct":100}}
,"/workspace/web/server/tailscale-manager.ts": {"lines":{"total":162,"covered":146,"skipped":0,"pct":90.12},"functions":{"total":22,"covered":19,"skipped":0,"pct":86.36},"statements":{"total":176,"covered":153,"skipped":0,"pct":86.93},"branches":{"total":105,"covered":81,"skipped":0,"pct":77.14}}
,"/workspace/web/server/update-checker.ts": {"lines":{"total":71,"covered":63,"skipped":0,"pct":88.73},"functions":{"total":14,"covered":11,"skipped":0,"pct":78.57},"statements":{"total":86,"covered":75,"skipped":0,"pct":87.2},"branches":{"total":58,"covered":51,"skipped":0,"pct":87.93}}
,"/workspace/web/server/usage-limits.ts": {"lines":{"total":68,"covered":67,"skipped":0,"pct":98.52},"functions":{"total":8,"covered":8,"skipped":0,"pct":100},"statements":{"total":78,"covered":75,"skipped":0,"pct":96.15},"branches":{"total":52,"covered":42,"skipped":0,"pct":80.76}}
,"/workspace/web/server/worktree-tracker.ts": {"lines":{"total":24,"covered":24,"skipped":0,"pct":100},"functions":{"total":15,"covered":15,"skipped":0,"pct":100},"statements":{"total":30,"covered":30,"skipped":0,"pct":100},"branches":{"total":8,"covered":8,"skipped":0,"pct":100}}
,"/workspace/web/server/ws-auth.ts": {"lines":{"total":16,"covered":15,"skipped":0,"pct":93.75},"functions":{"total":2,"covered":2,"skipped":0,"pct":100},"statements":{"total":17,"covered":16,"skipped":0,"pct":94.11},"branches":{"total":10,"covered":9,"skipped":0,"pct":90}}
,"/workspace/web/server/ws-bridge-browser-ingest.ts": {"lines":{"total":12,"covered":12,"skipped":0,"pct":100},"functions":{"total":2,"covered":2,"skipped":0,"pct":100},"statements":{"total":12,"covered":12,"skipped":0,"pct":100},"branches":{"total":9,"covered":9,"skipped":0,"pct":100}}
,"/workspace/web/server/ws-bridge-browser.ts": {"lines":{"total":42,"covered":41,"skipped":0,"pct":97.61},"functions":{"total":5,"covered":5,"skipped":0,"pct":100},"statements":{"total":50,"covered":44,"skipped":0,"pct":88},"branches":{"total":47,"covered":33,"skipped":0,"pct":70.21}}
,"/workspace/web/server/ws-bridge-cli-ingest.ts": {"lines":{"total":23,"covered":21,"skipped":0,"pct":91.3},"functions":{"total":3,"covered":3,"skipped":0,"pct":100},"statements":{"total":24,"covered":22,"skipped":0,"pct":91.66},"branches":{"total":15,"covered":15,"skipped":0,"pct":100}}
,"/workspace/web/server/ws-bridge-codex.ts": {"lines":{"total":107,"covered":105,"skipped":0,"pct":98.13},"functions":{"total":8,"covered":8,"skipped":0,"pct":100},"statements":{"total":111,"covered":109,"skipped":0,"pct":98.19},"branches":{"total":69,"covered":65,"skipped":0,"pct":94.2}}
,"/workspace/web/server/ws-bridge-controls.ts": {"lines":{"total":6,"covered":6,"skipped":0,"pct":100},"functions":{"total":1,"covered":1,"skipped":0,"pct":100},"statements":{"total":6,"covered":6,"skipped":0,"pct":100},"branches":{"total":6,"covered":6,"skipped":0,"pct":100}}
,"/workspace/web/server/ws-bridge-persist.ts": {"lines":{"total":9,"covered":9,"skipped":0,"pct":100},"functions":{"total":4,"covered":4,"skipped":0,"pct":100},"statements":{"total":10,"covered":10,"skipped":0,"pct":100},"branches":{"total":6,"covered":6,"skipped":0,"pct":100}}
,"/workspace/web/server/ws-bridge-publish.ts": {"lines":{"total":11,"covered":11,"skipped":0,"pct":100},"functions":{"total":2,"covered":2,"skipped":0,"pct":100},"statements":{"total":11,"covered":11,"skipped":0,"pct":100},"branches":{"total":8,"covered":8,"skipped":0,"pct":100}}
,"/workspace/web/server/ws-bridge-replay.ts": {"lines":{"total":19,"covered":19,"skipped":0,"pct":100},"functions":{"total":5,"covered":5,"skipped":0,"pct":100},"statements":{"total":19,"covered":19,"skipped":0,"pct":100},"branches":{"total":15,"covered":15,"skipped":0,"pct":100}}
,"/workspace/web/server/ws-bridge-types.ts": {"lines":{"total":1,"covered":1,"skipped":0,"pct":100},"functions":{"total":1,"covered":1,"skipped":0,"pct":100},"statements":{"total":1,"covered":1,"skipped":0,"pct":100},"branches":{"total":1,"covered":1,"skipped":0,"pct":100}}
,"/workspace/web/server/ws-bridge.ts": {"lines":{"total":480,"covered":411,"skipped":0,"pct":85.62},"functions":{"total":56,"covered":50,"skipped":0,"pct":89.28},"statements":{"total":501,"covered":427,"skipped":0,"pct":85.22},"branches":{"total":289,"covered":227,"skipped":0,"pct":78.54}}
,"/workspace/web/server/middleware/managed-auth.ts": {"lines":{"total":66,"covered":64,"skipped":0,"pct":96.96},"functions":{"total":10,"covered":10,"skipped":0,"pct":100},"statements":{"total":76,"covered":73,"skipped":0,"pct":96.05},"branches":{"total":35,"covered":34,"skipped":0,"pct":97.14}}
,"/workspace/web/server/recording-hub/compat-validator.ts": {"lines":{"total":67,"covered":61,"skipped":0,"pct":91.04},"functions":{"total":6,"covered":6,"skipped":0,"pct":100},"statements":{"total":71,"covered":65,"skipped":0,"pct":91.54},"branches":{"total":27,"covered":25,"skipped":0,"pct":92.59}}
,"/workspace/web/server/recording-hub/diagnostics.ts": {"lines":{"total":88,"covered":86,"skipped":0,"pct":97.72},"functions":{"total":19,"covered":17,"skipped":0,"pct":89.47},"statements":{"total":101,"covered":98,"skipped":0,"pct":97.02},"branches":{"total":77,"covered":61,"skipped":0,"pct":79.22}}
,"/workspace/web/server/recording-hub/hub-config.ts": {"lines":{"total":6,"covered":6,"skipped":0,"pct":100},"functions":{"total":2,"covered":2,"skipped":0,"pct":100},"statements":{"total":6,"covered":6,"skipped":0,"pct":100},"branches":{"total":6,"covered":6,"skipped":0,"pct":100}}
,"/workspace/web/server/recording-hub/hub-routes.ts": {"lines":{"total":117,"covered":95,"skipped":0,"pct":81.19},"functions":{"total":21,"covered":16,"skipped":0,"pct":76.19},"statements":{"total":132,"covered":106,"skipped":0,"pct":80.3},"branches":{"total":67,"covered":41,"skipped":0,"pct":61.19}}
,"/workspace/web/server/recording-hub/hub-store.ts": {"lines":{"total":105,"covered":100,"skipped":0,"pct":95.23},"functions":{"total":17,"covered":17,"skipped":0,"pct":100},"statements":{"total":118,"covered":108,"skipped":0,"pct":91.52},"branches":{"total":62,"covered":50,"skipped":0,"pct":80.64}}
,"/workspace/web/server/recording-hub/replay-adapter.ts": {"lines":{"total":77,"covered":73,"skipped":0,"pct":94.8},"functions":{"total":18,"covered":18,"skipped":0,"pct":100},"statements":{"total":86,"covered":78,"skipped":0,"pct":90.69},"branches":{"total":41,"covered":29,"skipped":0,"pct":70.73}}
,"/workspace/web/server/routes/agent-routes.ts": {"lines":{"total":151,"covered":138,"skipped":0,"pct":91.39},"functions":{"total":25,"covered":18,"skipped":0,"pct":72},"statements":{"total":169,"covered":150,"skipped":0,"pct":88.75},"branches":{"total":168,"covered":138,"skipped":0,"pct":82.14}}
,"/workspace/web/server/routes/cron-routes.ts": {"lines":{"total":52,"covered":52,"skipped":0,"pct":100},"functions":{"total":12,"covered":12,"skipped":0,"pct":100},"statements":{"total":63,"covered":63,"skipped":0,"pct":100},"branches":{"total":46,"covered":46,"skipped":0,"pct":100}}
,"/workspace/web/server/routes/env-routes.ts": {"lines":{"total":51,"covered":50,"skipped":0,"pct":98.03},"functions":{"total":12,"covered":10,"skipped":0,"pct":83.33},"statements":{"total":59,"covered":54,"skipped":0,"pct":91.52},"branches":{"total":28,"covered":20,"skipped":0,"pct":71.42}}
,"/workspace/web/server/routes/fs-routes.ts": {"lines":{"total":301,"covered":267,"skipped":0,"pct":88.7},"functions":{"total":28,"covered":25,"skipped":0,"pct":89.28},"statements":{"total":342,"covered":295,"skipped":0,"pct":86.25},"branches":{"total":167,"covered":115,"skipped":0,"pct":68.86}}
,"/workspace/web/server/routes/git-routes.ts": {"lines":{"total":58,"covered":58,"skipped":0,"pct":100},"functions":{"total":13,"covered":13,"skipped":0,"pct":100},"statements":{"total":72,"covered":72,"skipped":0,"pct":100},"branches":{"total":36,"covered":36,"skipped":0,"pct":100}}
,"/workspace/web/server/routes/linear-agent-routes.ts": {"lines":{"total":109,"covered":101,"skipped":0,"pct":92.66},"functions":{"total":14,"covered":12,"skipped":0,"pct":85.71},"statements":{"total":109,"covered":101,"skipped":0,"pct":92.66},"branches":{"total":102,"covered":76,"skipped":0,"pct":74.5}}
,"/workspace/web/server/routes/linear-connection-routes.ts": {"lines":{"total":60,"covered":60,"skipped":0,"pct":100},"functions":{"total":12,"covered":12,"skipped":0,"pct":100},"statements":{"total":78,"covered":78,"skipped":0,"pct":100},"branches":{"total":80,"covered":75,"skipped":0,"pct":93.75}}
,"/workspace/web/server/routes/linear-oauth-connection-routes.ts": {"lines":{"total":62,"covered":62,"skipped":0,"pct":100},"functions":{"total":13,"covered":11,"skipped":0,"pct":84.61},"statements":{"total":78,"covered":74,"skipped":0,"pct":94.87},"branches":{"total":56,"covered":50,"skipped":0,"pct":89.28}}
,"/workspace/web/server/routes/linear-routes.ts": {"lines":{"total":255,"covered":216,"skipped":0,"pct":84.7},"functions":{"total":55,"covered":40,"skipped":0,"pct":72.72},"statements":{"total":282,"covered":230,"skipped":0,"pct":81.56},"branches":{"total":404,"covered":266,"skipped":0,"pct":65.84}}
,"/workspace/web/server/routes/metrics-routes.ts": {"lines":{"total":3,"covered":3,"skipped":0,"pct":100},"functions":{"total":2,"covered":2,"skipped":0,"pct":100},"statements":{"total":3,"covered":3,"skipped":0,"pct":100},"branches":{"total":0,"covered":0,"skipped":0,"pct":100}}
,"/workspace/web/server/routes/prompt-routes.ts": {"lines":{"total":30,"covered":24,"skipped":0,"pct":80},"functions":{"total":10,"covered":7,"skipped":0,"pct":70},"statements":{"total":37,"covered":26,"skipped":0,"pct":70.27},"branches":{"total":28,"covered":15,"skipped":0,"pct":53.57}}
,"/workspace/web/server/routes/sandbox-routes.ts": {"lines":{"total":58,"covered":57,"skipped":0,"pct":98.27},"functions":{"total":10,"covered":7,"skipped":0,"pct":70},"statements":{"total":70,"covered":66,"skipped":0,"pct":94.28},"branches":{"total":38,"covered":29,"skipped":0,"pct":76.31}}
,"/workspace/web/server/routes/settings-routes.ts": {"lines":{"total":82,"covered":67,"skipped":0,"pct":81.7},"functions":{"total":8,"covered":4,"skipped":0,"pct":50},"statements":{"total":85,"covered":67,"skipped":0,"pct":78.82},"branches":{"total":202,"covered":148,"skipped":0,"pct":73.26}}
,"/workspace/web/server/routes/skills-routes.ts": {"lines":{"total":66,"covered":66,"skipped":0,"pct":100},"functions":{"total":8,"covered":8,"skipped":0,"pct":100},"statements":{"total":77,"covered":77,"skipped":0,"pct":100},"branches":{"total":52,"covered":52,"skipped":0,"pct":100}}
,"/workspace/web/server/routes/system-routes.ts": {"lines":{"total":97,"covered":86,"skipped":0,"pct":88.65},"functions":{"total":16,"covered":14,"skipped":0,"pct":87.5},"statements":{"total":107,"covered":94,"skipped":0,"pct":87.85},"branches":{"total":56,"covered":47,"skipped":0,"pct":83.92}}
,"/workspace/web/server/routes/tailscale-routes.ts": {"lines":{"total":9,"covered":9,"skipped":0,"pct":100},"functions":{"total":4,"covered":4,"skipped":0,"pct":100},"statements":{"total":9,"covered":9,"skipped":0,"pct":100},"branches":{"total":0,"covered":0,"skipped":0,"pct":100}}
,"/workspace/web/src/App.tsx": {"lines":{"total":116,"covered":97,"skipped":0,"pct":83.62},"functions":{"total":78,"covered":54,"skipped":0,"pct":69.23},"statements":{"total":173,"covered":138,"skipped":0,"pct":79.76},"branches":{"total":110,"covered":90,"skipped":0,"pct":81.81}}
,"/workspace/web/src/analytics.ts": {"lines":{"total":38,"covered":35,"skipped":0,"pct":92.1},"functions":{"total":10,"covered":9,"skipped":0,"pct":90},"statements":{"total":45,"covered":40,"skipped":0,"pct":88.88},"branches":{"total":28,"covered":24,"skipped":0,"pct":85.71}}
,"/workspace/web/src/api.ts": {"lines":{"total":300,"covered":243,"skipped":0,"pct":81},"functions":{"total":153,"covered":127,"skipped":0,"pct":83},"statements":{"total":325,"covered":255,"skipped":0,"pct":78.46},"branches":{"total":160,"covered":100,"skipped":0,"pct":62.5}}
,"/workspace/web/src/store.ts": {"lines":{"total":0,"covered":0,"skipped":0,"pct":100},"functions":{"total":0,"covered":0,"skipped":0,"pct":100},"statements":{"total":0,"covered":0,"skipped":0,"pct":100},"branches":{"total":0,"covered":0,"skipped":0,"pct":100}}
,"/workspace/web/src/sw-register.ts": {"lines":{"total":5,"covered":5,"skipped":0,"pct":100},"functions":{"total":3,"covered":3,"skipped":0,"pct":100},"statements":{"total":5,"covered":5,"skipped":0,"pct":100},"branches":{"total":2,"covered":2,"skipped":0,"pct":100}}
,"/workspace/web/src/ws.ts": {"lines":{"total":614,"covered":515,"skipped":0,"pct":83.87},"functions":{"total":67,"covered":53,"skipped":0,"pct":79.1},"statements":{"total":672,"covered":554,"skipped":0,"pct":82.44},"branches":{"total":488,"covered":346,"skipped":0,"pct":70.9}}
,"/workspace/web/src/components/AgentCard.tsx": {"lines":{"total":33,"covered":33,"skipped":0,"pct":100},"functions":{"total":4,"covered":4,"skipped":0,"pct":100},"statements":{"total":41,"covered":41,"skipped":0,"pct":100},"branches":{"total":76,"covered":72,"skipped":0,"pct":94.73}}
,"/workspace/web/src/components/AgentCardMenu.tsx": {"lines":{"total":24,"covered":24,"skipped":0,"pct":100},"functions":{"total":15,"covered":15,"skipped":0,"pct":100},"statements":{"total":29,"covered":29,"skipped":0,"pct":100},"branches":{"total":20,"covered":18,"skipped":0,"pct":90}}
,"/workspace/web/src/components/AgentEditor.tsx": {"lines":{"total":153,"covered":125,"skipped":0,"pct":81.69},"functions":{"total":99,"covered":77,"skipped":0,"pct":77.77},"statements":{"total":189,"covered":154,"skipped":0,"pct":81.48},"branches":{"total":174,"covered":141,"skipped":0,"pct":81.03}}
,"/workspace/web/src/components/AgentIcon.tsx": {"lines":{"total":24,"covered":22,"skipped":0,"pct":91.66},"functions":{"total":1,"covered":1,"skipped":0,"pct":100},"statements":{"total":25,"covered":22,"skipped":0,"pct":88},"branches":{"total":24,"covered":20,"skipped":0,"pct":83.33}}
,"/workspace/web/src/components/AgentsPage.tsx": {"lines":{"total":196,"covered":174,"skipped":0,"pct":88.77},"functions":{"total":55,"covered":46,"skipped":0,"pct":83.63},"statements":{"total":206,"covered":181,"skipped":0,"pct":87.86},"branches":{"total":139,"covered":117,"skipped":0,"pct":84.17}}
,"/workspace/web/src/components/AiValidationBadge.tsx": {"lines":{"total":13,"covered":12,"skipped":0,"pct":92.3},"functions":{"total":1,"covered":1,"skipped":0,"pct":100},"statements":{"total":13,"covered":12,"skipped":0,"pct":92.3},"branches":{"total":28,"covered":25,"skipped":0,"pct":89.28}}
,"/workspace/web/src/components/AiValidationToggle.tsx": {"lines":{"total":21,"covered":19,"skipped":0,"pct":90.47},"functions":{"total":10,"covered":9,"skipped":0,"pct":90},"statements":{"total":24,"covered":22,"skipped":0,"pct":91.66},"branches":{"total":32,"covered":24,"skipped":0,"pct":75}}
,"/workspace/web/src/components/AppErrorBoundary.tsx": {"lines":{"total":8,"covered":7,"skipped":0,"pct":87.5},"functions":{"total":5,"covered":4,"skipped":0,"pct":80},"statements":{"total":8,"covered":7,"skipped":0,"pct":87.5},"branches":{"total":2,"covered":2,"skipped":0,"pct":100}}
,"/workspace/web/src/components/ArchiveLinearModal.tsx": {"lines":{"total":7,"covered":6,"skipped":0,"pct":85.71},"functions":{"total":6,"covered":5,"skipped":0,"pct":83.33},"statements":{"total":7,"covered":6,"skipped":0,"pct":85.71},"branches":{"total":9,"covered":9,"skipped":0,"pct":100}}
,"/workspace/web/src/components/ChatView.tsx": {"lines":{"total":32,"covered":31,"skipped":0,"pct":96.87},"functions":{"total":16,"covered":15,"skipped":0,"pct":93.75},"statements":{"total":40,"covered":39,"skipped":0,"pct":97.5},"branches":{"total":25,"covered":24,"skipped":0,"pct":96}}
,"/workspace/web/src/components/ClaudeConfigBrowser.tsx": {"lines":{"total":84,"covered":62,"skipped":0,"pct":73.8},"functions":{"total":39,"covered":26,"skipped":0,"pct":66.66},"statements":{"total":95,"covered":69,"skipped":0,"pct":72.63},"branches":{"total":90,"covered":68,"skipped":0,"pct":75.55}}
,"/workspace/web/src/components/ClaudeMdEditor.tsx": {"lines":{"total":68,"covered":68,"skipped":0,"pct":100},"functions":{"total":21,"covered":21,"skipped":0,"pct":100},"statements":{"total":74,"covered":73,"skipped":0,"pct":98.64},"branches":{"total":64,"covered":61,"skipped":0,"pct":95.31}}
,"/workspace/web/src/components/Composer.tsx": {"lines":{"total":229,"covered":196,"skipped":0,"pct":85.58},"functions":{"total":53,"covered":45,"skipped":0,"pct":84.9},"statements":{"total":263,"covered":216,"skipped":0,"pct":82.12},"branches":{"total":231,"covered":184,"skipped":0,"pct":79.65}}
,"/workspace/web/src/components/DiffPanel.tsx": {"lines":{"total":74,"covered":61,"skipped":0,"pct":82.43},"functions":{"total":35,"covered":26,"skipped":0,"pct":74.28},"statements":{"total":93,"covered":76,"skipped":0,"pct":81.72},"branches":{"total":84,"covered":63,"skipped":0,"pct":75}}
,"/workspace/web/src/components/DiffViewer.tsx": {"lines":{"total":111,"covered":110,"skipped":0,"pct":99.09},"functions":{"total":18,"covered":18,"skipped":0,"pct":100},"statements":{"total":124,"covered":122,"skipped":0,"pct":98.38},"branches":{"total":114,"covered":105,"skipped":0,"pct":92.1}}
,"/workspace/web/src/components/DockerUpdateDialog.tsx": {"lines":{"total":47,"covered":43,"skipped":0,"pct":91.48},"functions":{"total":21,"covered":17,"skipped":0,"pct":80.95},"statements":{"total":53,"covered":48,"skipped":0,"pct":90.56},"branches":{"total":48,"covered":41,"skipped":0,"pct":85.41}}
,"/workspace/web/src/components/EnvManager.tsx": {"lines":{"total":93,"covered":92,"skipped":0,"pct":98.92},"functions":{"total":37,"covered":35,"skipped":0,"pct":94.59},"statements":{"total":105,"covered":100,"skipped":0,"pct":95.23},"branches":{"total":89,"covered":82,"skipped":0,"pct":92.13}}
,"/workspace/web/src/components/FilesPanel.tsx": {"lines":{"total":94,"covered":92,"skipped":0,"pct":97.87},"functions":{"total":37,"covered":36,"skipped":0,"pct":97.29},"statements":{"total":126,"covered":112,"skipped":0,"pct":88.88},"branches":{"total":89,"covered":69,"skipped":0,"pct":77.52}}
,"/workspace/web/src/components/FolderPicker.tsx": {"lines":{"total":128,"covered":105,"skipped":0,"pct":82.03},"functions":{"total":38,"covered":37,"skipped":0,"pct":97.36},"statements":{"total":145,"covered":119,"skipped":0,"pct":82.06},"branches":{"total":98,"covered":67,"skipped":0,"pct":68.36}}
,"/workspace/web/src/components/HomePage.tsx": {"lines":{"total":479,"covered":418,"skipped":0,"pct":87.26},"functions":{"total":135,"covered":100,"skipped":0,"pct":74.07},"statements":{"total":531,"covered":448,"skipped":0,"pct":84.36},"branches":{"total":472,"covered":361,"skipped":0,"pct":76.48}}
,"/workspace/web/src/components/IntegrationsPage.tsx": {"lines":{"total":30,"covered":29,"skipped":0,"pct":96.66},"functions":{"total":17,"covered":14,"skipped":0,"pct":82.35},"statements":{"total":34,"covered":32,"skipped":0,"pct":94.11},"branches":{"total":46,"covered":33,"skipped":0,"pct":71.73}}
,"/workspace/web/src/components/LinearAgentEditor.tsx": {"lines":{"total":39,"covered":34,"skipped":0,"pct":87.17},"functions":{"total":25,"covered":23,"skipped":0,"pct":92},"statements":{"total":49,"covered":43,"skipped":0,"pct":87.75},"branches":{"total":45,"covered":32,"skipped":0,"pct":71.11}}
,"/workspace/web/src/components/LinearLogo.tsx": {"lines":{"total":1,"covered":1,"skipped":0,"pct":100},"functions":{"total":1,"covered":1,"skipped":0,"pct":100},"statements":{"total":1,"covered":1,"skipped":0,"pct":100},"branches":{"total":0,"covered":0,"skipped":0,"pct":100}}
,"/workspace/web/src/components/LinearOAuthSettingsPage.tsx": {"lines":{"total":105,"covered":99,"skipped":0,"pct":94.28},"functions":{"total":24,"covered":23,"skipped":0,"pct":95.83},"statements":{"total":109,"covered":102,"skipped":0,"pct":93.57},"branches":{"total":100,"covered":89,"skipped":0,"pct":89}}
,"/workspace/web/src/components/LinearSettingsPage.tsx": {"lines":{"total":132,"covered":126,"skipped":0,"pct":95.45},"functions":{"total":48,"covered":45,"skipped":0,"pct":93.75},"statements":{"total":153,"covered":144,"skipped":0,"pct":94.11},"branches":{"total":190,"covered":159,"skipped":0,"pct":83.68}}
,"/workspace/web/src/components/LoginPage.tsx": {"lines":{"total":39,"covered":39,"skipped":0,"pct":100},"functions":{"total":8,"covered":8,"skipped":0,"pct":100},"statements":{"total":40,"covered":40,"skipped":0,"pct":100},"branches":{"total":20,"covered":20,"skipped":0,"pct":100}}
,"/workspace/web/src/components/McpPanel.tsx": {"lines":{"total":53,"covered":52,"skipped":0,"pct":98.11},"functions":{"total":26,"covered":25,"skipped":0,"pct":96.15},"statements":{"total":57,"covered":55,"skipped":0,"pct":96.49},"branches":{"total":71,"covered":64,"skipped":0,"pct":90.14}}
,"/workspace/web/src/components/MentionMenu.tsx": {"lines":{"total":4,"covered":4,"skipped":0,"pct":100},"functions":{"total":3,"covered":3,"skipped":0,"pct":100},"statements":{"total":5,"covered":5,"skipped":0,"pct":100},"branches":{"total":9,"covered":9,"skipped":0,"pct":100}}
,"/workspace/web/src/components/MessageBubble.tsx": {"lines":{"total":99,"covered":98,"skipped":0,"pct":98.98},"functions":{"total":41,"covered":41,"skipped":0,"pct":100},"statements":{"total":101,"covered":100,"skipped":0,"pct":99},"branches":{"total":92,"covered":90,"skipped":0,"pct":97.82}}
,"/workspace/web/src/components/MessageFeed.tsx": {"lines":{"total":297,"covered":249,"skipped":0,"pct":83.83},"functions":{"total":71,"covered":55,"skipped":0,"pct":77.46},"statements":{"total":336,"covered":272,"skipped":0,"pct":80.95},"branches":{"total":301,"covered":214,"skipped":0,"pct":71.09}}
,"/workspace/web/src/components/ModelSwitcher.tsx": {"lines":{"total":37,"covered":37,"skipped":0,"pct":100},"functions":{"total":18,"covered":18,"skipped":0,"pct":100},"statements":{"total":47,"covered":47,"skipped":0,"pct":100},"branches":{"total":45,"covered":41,"skipped":0,"pct":91.11}}
,"/workspace/web/src/components/OnboardingModal.tsx": {"lines":{"total":137,"covered":116,"skipped":0,"pct":84.67},"functions":{"total":41,"covered":38,"skipped":0,"pct":92.68},"statements":{"total":144,"covered":119,"skipped":0,"pct":82.63},"branches":{"total":131,"covered":99,"skipped":0,"pct":75.57}}
,"/workspace/web/src/components/PermissionBanner.tsx": {"lines":{"total":153,"covered":124,"skipped":0,"pct":81.04},"functions":{"total":56,"covered":41,"skipped":0,"pct":73.21},"statements":{"total":164,"covered":132,"skipped":0,"pct":80.48},"branches":{"total":191,"covered":154,"skipped":0,"pct":80.62}}
,"/workspace/web/src/components/Playground.tsx": {"lines":{"total":226,"covered":189,"skipped":0,"pct":83.62},"functions":{"total":72,"covered":43,"skipped":0,"pct":59.72},"statements":{"total":235,"covered":189,"skipped":0,"pct":80.42},"branches":{"total":151,"covered":83,"skipped":0,"pct":54.96}}
,"/workspace/web/src/components/ProcessPanel.tsx": {"lines":{"total":275,"covered":238,"skipped":0,"pct":86.54},"functions":{"total":76,"covered":64,"skipped":0,"pct":84.21},"statements":{"total":333,"covered":269,"skipped":0,"pct":80.78},"branches":{"total":305,"covered":214,"skipped":0,"pct":70.16}}
,"/workspace/web/src/components/ProjectGroup.tsx": {"lines":{"total":6,"covered":5,"skipped":0,"pct":83.33},"functions":{"total":4,"covered":3,"skipped":0,"pct":75},"statements":{"total":6,"covered":5,"skipped":0,"pct":83.33},"branches":{"total":22,"covered":20,"skipped":0,"pct":90.9}}
,"/workspace/web/src/components/PromptsPage.tsx": {"lines":{"total":158,"covered":131,"skipped":0,"pct":82.91},"functions":{"total":61,"covered":42,"skipped":0,"pct":68.85},"statements":{"total":174,"covered":139,"skipped":0,"pct":79.88},"branches":{"total":150,"covered":103,"skipped":0,"pct":68.66}}
,"/workspace/web/src/components/PublicUrlBanner.tsx": {"lines":{"total":6,"covered":6,"skipped":0,"pct":100},"functions":{"total":3,"covered":3,"skipped":0,"pct":100},"statements":{"total":8,"covered":8,"skipped":0,"pct":100},"branches":{"total":4,"covered":4,"skipped":0,"pct":100}}
,"/workspace/web/src/components/RunsPage.tsx": {"lines":{"total":69,"covered":59,"skipped":0,"pct":85.5},"functions":{"total":22,"covered":18,"skipped":0,"pct":81.81},"statements":{"total":79,"covered":64,"skipped":0,"pct":81.01},"branches":{"total":57,"covered":47,"skipped":0,"pct":82.45}}
,"/workspace/web/src/components/SandboxManager.tsx": {"lines":{"total":116,"covered":109,"skipped":0,"pct":93.96},"functions":{"total":38,"covered":28,"skipped":0,"pct":73.68},"statements":{"total":128,"covered":113,"skipped":0,"pct":88.28},"branches":{"total":131,"covered":116,"skipped":0,"pct":88.54}}
,"/workspace/web/src/components/SectionErrorBoundary.tsx": {"lines":{"total":7,"covered":7,"skipped":0,"pct":100},"functions":{"total":4,"covered":4,"skipped":0,"pct":100},"statements":{"total":7,"covered":7,"skipped":0,"pct":100},"branches":{"total":4,"covered":4,"skipped":0,"pct":100}}
,"/workspace/web/src/components/SessionBrowserPane.tsx": {"lines":{"total":60,"covered":60,"skipped":0,"pct":100},"functions":{"total":12,"covered":12,"skipped":0,"pct":100},"statements":{"total":66,"covered":63,"skipped":0,"pct":95.45},"branches":{"total":58,"covered":47,"skipped":0,"pct":81.03}}
,"/workspace/web/src/components/SessionCreationProgress.tsx": {"lines":{"total":34,"covered":28,"skipped":0,"pct":82.35},"functions":{"total":10,"covered":8,"skipped":0,"pct":80},"statements":{"total":39,"covered":31,"skipped":0,"pct":79.48},"branches":{"total":39,"covered":33,"skipped":0,"pct":84.61}}
,"/workspace/web/src/components/SessionEditorPane.tsx": {"lines":{"total":216,"covered":189,"skipped":0,"pct":87.5},"functions":{"total":76,"covered":65,"skipped":0,"pct":85.52},"statements":{"total":276,"covered":226,"skipped":0,"pct":81.88},"branches":{"total":199,"covered":143,"skipped":0,"pct":71.85}}
,"/workspace/web/src/components/SessionItem.tsx": {"lines":{"total":83,"covered":81,"skipped":0,"pct":97.59},"functions":{"total":29,"covered":27,"skipped":0,"pct":93.1},"statements":{"total":93,"covered":90,"skipped":0,"pct":96.77},"branches":{"total":93,"covered":84,"skipped":0,"pct":90.32}}
,"/workspace/web/src/components/SessionLaunchOverlay.tsx": {"lines":{"total":10,"covered":10,"skipped":0,"pct":100},"functions":{"total":8,"covered":8,"skipped":0,"pct":100},"statements":{"total":15,"covered":15,"skipped":0,"pct":100},"branches":{"total":54,"covered":50,"skipped":0,"pct":92.59}}
,"/workspace/web/src/components/SessionTerminalDock.tsx": {"lines":{"total":50,"covered":36,"skipped":0,"pct":72},"functions":{"total":23,"covered":19,"skipped":0,"pct":82.6},"statements":{"total":62,"covered":46,"skipped":0,"pct":74.19},"branches":{"total":62,"covered":38,"skipped":0,"pct":61.29}}
,"/workspace/web/src/components/SettingsPage.tsx": {"lines":{"total":249,"covered":206,"skipped":0,"pct":82.73},"functions":{"total":72,"covered":57,"skipped":0,"pct":79.16},"statements":{"total":290,"covered":239,"skipped":0,"pct":82.41},"branches":{"total":261,"covered":211,"skipped":0,"pct":80.84}}
,"/workspace/web/src/components/Sidebar.tsx": {"lines":{"total":229,"covered":206,"skipped":0,"pct":89.95},"functions":{"total":75,"covered":70,"skipped":0,"pct":93.33},"statements":{"total":267,"covered":238,"skipped":0,"pct":89.13},"branches":{"total":227,"covered":188,"skipped":0,"pct":82.81}}
,"/workspace/web/src/components/TailscalePage.tsx": {"lines":{"total":43,"covered":35,"skipped":0,"pct":81.39},"functions":{"total":16,"covered":10,"skipped":0,"pct":62.5},"statements":{"total":47,"covered":36,"skipped":0,"pct":76.59},"branches":{"total":99,"covered":86,"skipped":0,"pct":86.86}}
,"/workspace/web/src/components/TaskPanel.tsx": {"lines":{"total":268,"covered":228,"skipped":0,"pct":85.07},"functions":{"total":116,"covered":92,"skipped":0,"pct":79.31},"statements":{"total":350,"covered":289,"skipped":0,"pct":82.57},"branches":{"total":318,"covered":261,"skipped":0,"pct":82.07}}
,"/workspace/web/src/components/TerminalAccessoryBar.tsx": {"lines":{"total":48,"covered":41,"skipped":0,"pct":85.41},"functions":{"total":18,"covered":14,"skipped":0,"pct":77.77},"statements":{"total":51,"covered":42,"skipped":0,"pct":82.35},"branches":{"total":25,"covered":21,"skipped":0,"pct":84}}
,"/workspace/web/src/components/TerminalPage.tsx": {"lines":{"total":8,"covered":7,"skipped":0,"pct":87.5},"functions":{"total":5,"covered":4,"skipped":0,"pct":80},"statements":{"total":9,"covered":8,"skipped":0,"pct":88.88},"branches":{"total":8,"covered":8,"skipped":0,"pct":100}}
,"/workspace/web/src/components/ToolBlock.tsx": {"lines":{"total":146,"covered":134,"skipped":0,"pct":91.78},"functions":{"total":29,"covered":24,"skipped":0,"pct":82.75},"statements":{"total":164,"covered":152,"skipped":0,"pct":92.68},"branches":{"total":290,"covered":244,"skipped":0,"pct":84.13}}
,"/workspace/web/src/components/ToolExecutionBar.tsx": {"lines":{"total":3,"covered":3,"skipped":0,"pct":100},"functions":{"total":2,"covered":2,"skipped":0,"pct":100},"statements":{"total":4,"covered":4,"skipped":0,"pct":100},"branches":{"total":4,"covered":4,"skipped":0,"pct":100}}
,"/workspace/web/src/components/ToolTurnSummary.tsx": {"lines":{"total":15,"covered":15,"skipped":0,"pct":100},"functions":{"total":10,"covered":10,"skipped":0,"pct":100},"statements":{"total":20,"covered":20,"skipped":0,"pct":100},"branches":{"total":31,"covered":27,"skipped":0,"pct":87.09}}
,"/workspace/web/src/components/TopBar.tsx": {"lines":{"total":95,"covered":84,"skipped":0,"pct":88.42},"functions":{"total":45,"covered":37,"skipped":0,"pct":82.22},"statements":{"total":127,"covered":106,"skipped":0,"pct":83.46},"branches":{"total":134,"covered":98,"skipped":0,"pct":73.13}}
,"/workspace/web/src/components/UpdateBanner.tsx": {"lines":{"total":19,"covered":19,"skipped":0,"pct":100},"functions":{"total":6,"covered":6,"skipped":0,"pct":100},"statements":{"total":24,"covered":24,"skipped":0,"pct":100},"branches":{"total":12,"covered":12,"skipped":0,"pct":100}}
,"/workspace/web/src/components/UpdateOverlay.tsx": {"lines":{"total":40,"covered":39,"skipped":0,"pct":97.5},"functions":{"total":17,"covered":17,"skipped":0,"pct":100},"statements":{"total":51,"covered":47,"skipped":0,"pct":92.15},"branches":{"total":44,"covered":36,"skipped":0,"pct":81.81}}
,"/workspace/web/src/components/VoiceControl.tsx": {"lines":{"total":28,"covered":24,"skipped":0,"pct":85.71},"functions":{"total":15,"covered":13,"skipped":0,"pct":86.66},"statements":{"total":39,"covered":35,"skipped":0,"pct":89.74},"branches":{"total":56,"covered":52,"skipped":0,"pct":92.85}}
,"/workspace/web/src/components/file-view-utils.ts": {"lines":{"total":26,"covered":26,"skipped":0,"pct":100},"functions":{"total":3,"covered":3,"skipped":0,"pct":100},"statements":{"total":27,"covered":27,"skipped":0,"pct":100},"branches":{"total":51,"covered":49,"skipped":0,"pct":96.07}}
,"/workspace/web/src/components/task-panel-sections.ts": {"lines":{"total":21,"covered":21,"skipped":0,"pct":100},"functions":{"total":7,"covered":7,"skipped":0,"pct":100},"statements":{"total":25,"covered":24,"skipped":0,"pct":96},"branches":{"total":6,"covered":5,"skipped":0,"pct":83.33}}
,"/workspace/web/src/components/home/BranchPicker.tsx": {"lines":{"total":47,"covered":42,"skipped":0,"pct":89.36},"functions":{"total":24,"covered":21,"skipped":0,"pct":87.5},"statements":{"total":52,"covered":47,"skipped":0,"pct":90.38},"branches":{"total":52,"covered":43,"skipped":0,"pct":82.69}}
,"/workspace/web/src/components/home/CreateIssueModal.tsx": {"lines":{"total":48,"covered":44,"skipped":0,"pct":91.66},"functions":{"total":18,"covered":15,"skipped":0,"pct":83.33},"statements":{"total":55,"covered":48,"skipped":0,"pct":87.27},"branches":{"total":47,"covered":32,"skipped":0,"pct":68.08}}
,"/workspace/web/src/components/home/LinearSection.tsx": {"lines":{"total":211,"covered":196,"skipped":0,"pct":92.89},"functions":{"total":62,"covered":54,"skipped":0,"pct":87.09},"statements":{"total":230,"covered":204,"skipped":0,"pct":88.69},"branches":{"total":174,"covered":140,"skipped":0,"pct":80.45}}
,"/workspace/web/src/components/wizard/WizardStepAgent.tsx": {"lines":{"total":40,"covered":36,"skipped":0,"pct":90},"functions":{"total":11,"covered":9,"skipped":0,"pct":81.81},"statements":{"total":43,"covered":38,"skipped":0,"pct":88.37},"branches":{"total":56,"covered":47,"skipped":0,"pct":83.92}}
,"/workspace/web/src/components/wizard/WizardStepDone.tsx": {"lines":{"total":4,"covered":4,"skipped":0,"pct":100},"functions":{"total":3,"covered":3,"skipped":0,"pct":100},"statements":{"total":4,"covered":4,"skipped":0,"pct":100},"branches":{"total":12,"covered":12,"skipped":0,"pct":100}}
,"/workspace/web/src/components/wizard/WizardStepIndicator.tsx": {"lines":{"total":6,"covered":6,"skipped":0,"pct":100},"functions":{"total":2,"covered":2,"skipped":0,"pct":100},"statements":{"total":6,"covered":6,"skipped":0,"pct":100},"branches":{"total":22,"covered":22,"skipped":0,"pct":100}}
,"/workspace/web/src/components/wizard/WizardStepInstall.tsx": {"lines":{"total":13,"covered":13,"skipped":0,"pct":100},"functions":{"total":2,"covered":2,"skipped":0,"pct":100},"statements":{"total":13,"covered":13,"skipped":0,"pct":100},"branches":{"total":12,"covered":11,"skipped":0,"pct":91.66}}
,"/workspace/web/src/components/wizard/WizardStepIntro.tsx": {"lines":{"total":4,"covered":4,"skipped":0,"pct":100},"functions":{"total":2,"covered":2,"skipped":0,"pct":100},"statements":{"total":5,"covered":5,"skipped":0,"pct":100},"branches":{"total":8,"covered":8,"skipped":0,"pct":100}}
,"/workspace/web/src/components/wizard/WizardStepSelectConnection.tsx": {"lines":{"total":24,"covered":23,"skipped":0,"pct":95.83},"functions":{"total":11,"covered":10,"skipped":0,"pct":90.9},"statements":{"total":27,"covered":26,"skipped":0,"pct":96.29},"branches":{"total":35,"covered":33,"skipped":0,"pct":94.28}}
,"/workspace/web/src/store/auth-slice.ts": {"lines":{"total":8,"covered":8,"skipped":0,"pct":100},"functions":{"total":4,"covered":4,"skipped":0,"pct":100},"statements":{"total":10,"covered":9,"skipped":0,"pct":90},"branches":{"total":4,"covered":3,"skipped":0,"pct":75}}
,"/workspace/web/src/store/chat-slice.ts": {"lines":{"total":44,"covered":44,"skipped":0,"pct":100},"functions":{"total":16,"covered":16,"skipped":0,"pct":100},"statements":{"total":49,"covered":49,"skipped":0,"pct":100},"branches":{"total":18,"covered":16,"skipped":0,"pct":88.88}}
,"/workspace/web/src/store/index.ts": {"lines":{"total":3,"covered":3,"skipped":0,"pct":100},"functions":{"total":2,"covered":2,"skipped":0,"pct":100},"statements":{"total":4,"covered":4,"skipped":0,"pct":100},"branches":{"total":0,"covered":0,"skipped":0,"pct":100}}
,"/workspace/web/src/store/permissions-slice.ts": {"lines":{"total":25,"covered":25,"skipped":0,"pct":100},"functions":{"total":9,"covered":9,"skipped":0,"pct":100},"statements":{"total":27,"covered":26,"skipped":0,"pct":96.29},"branches":{"total":8,"covered":7,"skipped":0,"pct":87.5}}
,"/workspace/web/src/store/sessions-slice.ts": {"lines":{"total":96,"covered":92,"skipped":0,"pct":95.83},"functions":{"total":39,"covered":39,"skipped":0,"pct":100},"statements":{"total":103,"covered":96,"skipped":0,"pct":93.2},"branches":{"total":30,"covered":26,"skipped":0,"pct":86.66}}
,"/workspace/web/src/store/tasks-slice.ts": {"lines":{"total":83,"covered":81,"skipped":0,"pct":97.59},"functions":{"total":32,"covered":31,"skipped":0,"pct":96.87},"statements":{"total":85,"covered":83,"skipped":0,"pct":97.64},"branches":{"total":38,"covered":34,"skipped":0,"pct":89.47}}
,"/workspace/web/src/store/terminal-slice.ts": {"lines":{"total":30,"covered":30,"skipped":0,"pct":100},"functions":{"total":16,"covered":16,"skipped":0,"pct":100},"statements":{"total":34,"covered":32,"skipped":0,"pct":94.11},"branches":{"total":28,"covered":26,"skipped":0,"pct":92.85}}
,"/workspace/web/src/store/ui-slice.ts": {"lines":{"total":80,"covered":79,"skipped":0,"pct":98.75},"functions":{"total":34,"covered":33,"skipped":0,"pct":97.05},"statements":{"total":92,"covered":84,"skipped":0,"pct":91.3},"branches":{"total":34,"covered":24,"skipped":0,"pct":70.58}}
,"/workspace/web/src/store/updates-slice.ts": {"lines":{"total":19,"covered":19,"skipped":0,"pct":100},"functions":{"total":12,"covered":12,"skipped":0,"pct":100},"statements":{"total":22,"covered":21,"skipped":0,"pct":95.45},"branches":{"total":10,"covered":9,"skipped":0,"pct":90}}
,"/workspace/web/src/store/utils.ts": {"lines":{"total":8,"covered":8,"skipped":0,"pct":100},"functions":{"total":2,"covered":2,"skipped":0,"pct":100},"statements":{"total":10,"covered":10,"skipped":0,"pct":100},"branches":{"total":4,"covered":4,"skipped":0,"pct":100}}
,"/workspace/web/src/store/voice-slice.ts": {"lines":{"total":10,"covered":10,"skipped":0,"pct":100},"functions":{"total":11,"covered":11,"skipped":0,"pct":100},"statements":{"total":12,"covered":12,"skipped":0,"pct":100},"branches":{"total":0,"covered":0,"skipped":0,"pct":100}}
,"/workspace/web/src/utils/backends.ts": {"lines":{"total":18,"covered":18,"skipped":0,"pct":100},"functions":{"total":9,"covered":9,"skipped":0,"pct":100},"statements":{"total":20,"covered":20,"skipped":0,"pct":100},"branches":{"total":16,"covered":16,"skipped":0,"pct":100}}
,"/workspace/web/src/utils/clipboard.ts": {"lines":{"total":41,"covered":37,"skipped":0,"pct":90.24},"functions":{"total":8,"covered":8,"skipped":0,"pct":100},"statements":{"total":42,"covered":37,"skipped":0,"pct":88.09},"branches":{"total":14,"covered":10,"skipped":0,"pct":71.42}}
,"/workspace/web/src/utils/color-contrast.ts": {"lines":{"total":39,"covered":35,"skipped":0,"pct":89.74},"functions":{"total":9,"covered":8,"skipped":0,"pct":88.88},"statements":{"total":42,"covered":37,"skipped":0,"pct":88.09},"branches":{"total":20,"covered":15,"skipped":0,"pct":75}}
,"/workspace/web/src/utils/format.ts": {"lines":{"total":31,"covered":30,"skipped":0,"pct":96.77},"functions":{"total":6,"covered":6,"skipped":0,"pct":100},"statements":{"total":43,"covered":42,"skipped":0,"pct":97.67},"branches":{"total":28,"covered":28,"skipped":0,"pct":100}}
,"/workspace/web/src/utils/gemini-live.ts": {"lines":{"total":71,"covered":71,"skipped":0,"pct":100},"functions":{"total":12,"covered":12,"skipped":0,"pct":100},"statements":{"total":76,"covered":75,"skipped":0,"pct":98.68},"branches":{"total":55,"covered":48,"skipped":0,"pct":87.27}}
,"/workspace/web/src/utils/image.ts": {"lines":{"total":8,"covered":8,"skipped":0,"pct":100},"functions":{"total":3,"covered":3,"skipped":0,"pct":100},"statements":{"total":8,"covered":8,"skipped":0,"pct":100},"branches":{"total":0,"covered":0,"skipped":0,"pct":100}}
,"/workspace/web/src/utils/linear-branch.ts": {"lines":{"total":5,"covered":5,"skipped":0,"pct":100},"functions":{"total":2,"covered":2,"skipped":0,"pct":100},"statements":{"total":5,"covered":5,"skipped":0,"pct":100},"branches":{"total":4,"covered":4,"skipped":0,"pct":100}}
,"/workspace/web/src/utils/names.ts": {"lines":{"total":9,"covered":8,"skipped":0,"pct":88.88},"functions":{"total":2,"covered":2,"skipped":0,"pct":100},"statements":{"total":11,"covered":10,"skipped":0,"pct":90.9},"branches":{"total":2,"covered":2,"skipped":0,"pct":100}}
,"/workspace/web/src/utils/notification-sound.ts": {"lines":{"total":30,"covered":30,"skipped":0,"pct":100},"functions":{"total":2,"covered":2,"skipped":0,"pct":100},"statements":{"total":30,"covered":30,"skipped":0,"pct":100},"branches":{"total":4,"covered":4,"skipped":0,"pct":100}}
,"/workspace/web/src/utils/project-grouping.ts": {"lines":{"total":23,"covered":23,"skipped":0,"pct":100},"functions":{"total":5,"covered":5,"skipped":0,"pct":100},"statements":{"total":27,"covered":26,"skipped":0,"pct":96.29},"branches":{"total":21,"covered":20,"skipped":0,"pct":95.23}}
,"/workspace/web/src/utils/recent-dirs.ts": {"lines":{"total":7,"covered":6,"skipped":0,"pct":85.71},"functions":{"total":3,"covered":2,"skipped":0,"pct":66.66},"statements":{"total":8,"covered":6,"skipped":0,"pct":75},"branches":{"total":2,"covered":2,"skipped":0,"pct":100}}
,"/workspace/web/src/utils/routing.ts": {"lines":{"total":40,"covered":40,"skipped":0,"pct":100},"functions":{"total":5,"covered":5,"skipped":0,"pct":100},"statements":{"total":56,"covered":51,"skipped":0,"pct":91.07},"branches":{"total":42,"covered":36,"skipped":0,"pct":85.71}}
,"/workspace/web/src/utils/time-ago.ts": {"lines":{"total":8,"covered":8,"skipped":0,"pct":100},"functions":{"total":1,"covered":1,"skipped":0,"pct":100},"statements":{"total":11,"covered":11,"skipped":0,"pct":100},"branches":{"total":6,"covered":6,"skipped":0,"pct":100}}
,"/workspace/web/src/utils/use-mention-menu.ts": {"lines":{"total":51,"covered":51,"skipped":0,"pct":100},"functions":{"total":12,"covered":12,"skipped":0,"pct":100},"statements":{"total":58,"covered":57,"skipped":0,"pct":98.27},"branches":{"total":35,"covered":34,"skipped":0,"pct":97.14}}
,"/workspace/web/src/utils/voice-audio.ts": {"lines":{"total":110,"covered":110,"skipped":0,"pct":100},"functions":{"total":15,"covered":13,"skipped":0,"pct":86.66},"statements":{"total":120,"covered":118,"skipped":0,"pct":98.33},"branches":{"total":32,"covered":26,"skipped":0,"pct":81.25}}
,"/workspace/web/src/utils/voice-session.ts": {"lines":{"total":63,"covered":56,"skipped":0,"pct":88.88},"functions":{"total":14,"covered":11,"skipped":0,"pct":78.57},"statements":{"total":64,"covered":57,"skipped":0,"pct":89.06},"branches":{"total":18,"covered":10,"skipped":0,"pct":55.55}}
,"/workspace/web/src/utils/voice-tools.ts": {"lines":{"total":113,"covered":109,"skipped":0,"pct":96.46},"functions":{"total":16,"covered":13,"skipped":0,"pct":81.25},"statements":{"total":120,"covered":110,"skipped":0,"pct":91.66},"branches":{"total":86,"covered":65,"skipped":0,"pct":75.58}}
}
